<?xml version="1.0" encoding="UTF-8"?>
<!-- Generated by org.testng.reporters.JUnitReportReporter -->
<testsuite hostname="JyothiPatnaik-9899" failures="0" tests="1" name="testCases.TC_07_CheckOutPage" time="23.448" errors="0" timestamp="2025-02-12T22:21:25 IST" skipped="0">
  <testcase classname="testCases.TC_07_CheckOutPage" name="checkOut" time="23.448"/>
</testsuite> <!-- testCases.TC_07_CheckOutPage -->
