<?xml version="1.0" encoding="UTF-8"?>
<!-- Generated by org.testng.reporters.JUnitReportReporter -->
<testsuite hostname="DESKTOP-61QNCNR" failures="0" tests="1" name="testCases.TC02_Login_Account" time="6.774" errors="0" timestamp="2024-11-28T00:08:04 IST" skipped="0">
  <testcase classname="testCases.TC02_Login_Account" name="verifyLogin" time="6.774"/>
</testsuite> <!-- testCases.TC02_Login_Account -->
