<?xml version="1.0" encoding="UTF-8"?>
<!-- Generated by org.testng.reporters.JUnitReportReporter -->
<testsuite hostname="JyothiPatnaik-9899" failures="0" tests="1" name="testCases.TC_06_ViewCartPage" time="8.071" errors="0" timestamp="2025-02-12T22:21:25 IST" skipped="0">
  <testcase classname="testCases.TC_06_ViewCartPage" name="ViewCartPage" time="8.071"/>
</testsuite> <!-- testCases.TC_06_ViewCartPage -->
