<?xml version="1.0" encoding="UTF-8"?>
<!-- Generated by org.testng.reporters.JUnitReportReporter -->
<testsuite hostname="JyothiPatnaik-9899" failures="0" tests="1" name="testCases.TC_05_Search_and_add_Product" time="8.322" errors="0" timestamp="2025-02-12T22:21:25 IST" skipped="0">
  <testcase classname="testCases.TC_05_Search_and_add_Product" name="searchAndAdd" time="8.322"/>
</testsuite> <!-- testCases.TC_05_Search_and_add_Product -->
