<?xml version="1.0" encoding="UTF-8"?>
<!-- Generated by org.testng.reporters.JUnitReportReporter -->
<testsuite hostname="DESKTOP-61QNCNR" failures="0" tests="1" name="testCases.TC01_AccountRegistration" time="7.529" errors="0" timestamp="2024-11-28T00:08:04 IST" skipped="0">
  <testcase classname="testCases.TC01_AccountRegistration" name="verify_accountRegistration" time="7.529"/>
</testsuite> <!-- testCases.TC01_AccountRegistration -->
