<?xml version="1.0" encoding="UTF-8"?>
<!-- Generated by org.testng.reporters.JUnitReportReporter -->
<testsuite hostname="DESKTOP-61QNCNR" failures="0" tests="1" name="testCases.TC01_AccountRegistration" time="7.527" errors="0" timestamp="2024-11-29T13:10:17 IST" skipped="0">
  <testcase classname="testCases.TC01_AccountRegistration" name="verify_accountRegistration" time="7.527"/>
</testsuite> <!-- testCases.TC01_AccountRegistration -->
