<?xml version="1.0" encoding="UTF-8"?>
<!-- Generated by org.testng.reporters.JUnitReportReporter -->
<testsuite hostname="DESKTOP-61QNCNR" failures="0" tests="1" name="testCases.TC04_RegistrationDDT" time="16.185" errors="0" timestamp="2024-11-27T22:47:41 IST" skipped="0">
  <testcase classname="testCases.TC04_RegistrationDDT" name="verify_accountRegistration" time="16.185"/>
</testsuite> <!-- testCases.TC04_RegistrationDDT -->
